0	00:00:08.658	get_historical _data GBPUSD,H4: Before function
0	00:00:08.658	get_historical _data USDJPY,H4: Before function
0	00:00:08.658	get_historical _data USDCAD,H1: Before function
0	00:00:08.662	get_historical _data USDCHF,H1: Before function
0	00:00:08.662	get_historical _data NZDUSD,H1: Before function
0	00:00:08.666	get_historical _data AUDUSD,Daily: Before function
0	00:00:08.666	get_historical _data GBPUSD,H1: Before function
0	00:00:08.670	get_historical _data USDCHF,H4: Before function
0	00:00:08.670	get_historical _data EURUSD,Daily: Before function
0	00:00:08.702	get_historical _data USDCAD,H4: Before function
0	00:00:08.710	get_historical _data AUDUSD,H1: Before function
0	00:00:08.722	get_historical _data USDJPY,H1: Before function
0	00:00:08.734	get_historical _data EURUSD,H1: Before function
0	00:00:29.576	get_historical _data USDCAD,H1: Inside function
0	00:00:29.595	get_historical _data USDCHF,H4: Inside function
0	00:00:29.598	get_historical _data EURUSD,H1: Inside function
0	00:00:29.598	get_historical _data AUDUSD,H1: Inside function
0	00:00:29.629	get_historical _data USDCAD,H4: Inside function
0	00:00:29.742	get_historical _data AUDUSD,Daily: Inside function
0	00:00:29.750	get_historical _data GBPUSD,H4: Inside function
0	00:00:29.766	get_historical _data EURUSD,Daily: Inside function
0	00:00:29.778	get_historical _data NZDUSD,H1: Inside function
0	00:00:29.906	get_historical _data GBPUSD,H1: Inside function
0	00:00:29.924	get_historical _data USDJPY,H4: Inside function
0	00:00:29.939	get_historical _data USDCHF,H1: Inside function
0	00:00:29.941	get_historical _data USDJPY,H1: Inside function
0	00:00:31.766	get_historical _data USDJPY,H1: Data Download Done!
0	00:00:31.766	get_historical _data USDJPY,H1: After function
0	00:00:31.766	get_historical _data USDJPY,H1: initialized
0	00:00:31.769	get_historical _data USDJPY,H1: Inside function
0	00:00:31.775	get_historical _data GBPUSD,H4: Data Download Done!
0	00:00:31.776	get_historical _data GBPUSD,H4: After function
0	00:00:31.776	get_historical _data GBPUSD,H4: initialized
0	00:00:31.777	get_historical _data EURUSD,H1: Data Download Done!
0	00:00:31.777	get_historical _data EURUSD,H1: After function
0	00:00:31.777	get_historical _data EURUSD,H1: initialized
0	00:00:31.778	get_historical _data GBPUSD,H1: Data Download Done!
0	00:00:31.779	get_historical _data GBPUSD,H1: After function
0	00:00:31.779	get_historical _data GBPUSD,H1: initialized
0	00:00:31.779	get_historical _data USDCHF,H4: Data Download Done!
0	00:00:31.779	get_historical _data USDCHF,H4: After function
0	00:00:31.779	get_historical _data USDCHF,H4: initialized
0	00:00:31.780	get_historical _data NZDUSD,H1: Data Download Done!
0	00:00:31.780	get_historical _data NZDUSD,H1: After function
0	00:00:31.780	get_historical _data NZDUSD,H1: initialized
0	00:00:31.790	get_historical _data USDCAD,H1: Data Download Done!
0	00:00:31.790	get_historical _data USDCAD,H1: After function
0	00:00:31.790	get_historical _data USDCAD,H1: initialized
0	00:00:31.791	get_historical _data AUDUSD,H1: Data Download Done!
0	00:00:31.791	get_historical _data AUDUSD,H1: After function
0	00:00:31.791	get_historical _data AUDUSD,H1: initialized
0	00:00:31.799	get_historical _data USDCAD,H4: Data Download Done!
0	00:00:31.799	get_historical _data USDCAD,H4: After function
0	00:00:31.799	get_historical _data USDCAD,H4: initialized
0	00:00:31.845	get_historical _data AUDUSD,Daily: Data Download Done!
0	00:00:31.845	get_historical _data AUDUSD,Daily: After function
0	00:00:31.845	get_historical _data AUDUSD,Daily: initialized
0	00:00:31.874	get_historical _data USDJPY,H4: Data Download Done!
0	00:00:31.874	get_historical _data USDJPY,H4: After function
0	00:00:31.874	get_historical _data USDJPY,H4: initialized
0	00:00:31.882	get_historical _data USDCHF,H1: Data Download Done!
0	00:00:31.882	get_historical _data USDCHF,H1: After function
0	00:00:31.882	get_historical _data USDCHF,H1: initialized
0	00:00:31.933	get_historical _data EURUSD,Daily: Data Download Done!
0	00:00:31.933	get_historical _data EURUSD,Daily: After function
0	00:00:31.933	get_historical _data EURUSD,Daily: initialized
0	00:00:31.995	get_historical _data NZDUSD,H1: Inside function
0	00:00:31.995	get_historical _data EURUSD,H1: Inside function
0	00:00:31.999	get_historical _data GBPUSD,H1: Inside function
0	00:00:31.999	get_historical _data USDCHF,H4: Inside function
0	00:00:31.999	get_historical _data GBPUSD,H4: Inside function
0	00:00:32.007	get_historical _data USDCHF,H1: Inside function
0	00:00:32.007	get_historical _data EURUSD,Daily: Inside function
0	00:00:32.011	get_historical _data USDCAD,H1: Inside function
0	00:00:32.011	get_historical _data USDCAD,H4: Inside function
0	00:00:32.011	get_historical _data AUDUSD,H1: Inside function
0	00:00:32.011	get_historical _data AUDUSD,Daily: Inside function
0	00:00:32.011	get_historical _data USDJPY,H4: Inside function
0	00:00:32.691	get_historical _data USDJPY,H1: Data Download Done!
0	00:00:32.693	get_historical _data USDJPY,H1: Inside function
0	00:00:33.313	get_historical _data NZDUSD,H1: Data Download Done!
0	00:00:33.314	get_historical _data NZDUSD,H1: Inside function
0	00:00:33.642	get_historical _data GBPUSD,H1: Data Download Done!
0	00:00:33.644	get_historical _data GBPUSD,H1: Inside function
0	00:00:33.645	get_historical _data EURUSD,H1: Data Download Done!
0	00:00:33.647	get_historical _data EURUSD,H1: Inside function
0	00:00:33.858	get_historical _data USDCHF,H1: Data Download Done!
0	00:00:33.859	get_historical _data USDCHF,H1: Inside function
0	00:00:33.971	get_historical _data USDCHF,H4: Data Download Done!
0	00:00:33.972	get_historical _data USDCHF,H4: Inside function
0	00:00:34.138	get_historical _data AUDUSD,Daily: Data Download Done!
0	00:00:34.140	get_historical _data AUDUSD,Daily: Inside function
0	00:00:34.208	get_historical _data USDCAD,H4: Data Download Done!
0	00:00:34.208	get_historical _data USDCAD,H1: Data Download Done!
0	00:00:34.210	get_historical _data USDCAD,H4: Inside function
0	00:00:34.210	get_historical _data USDCAD,H1: Inside function
0	00:00:34.443	get_historical _data USDJPY,H4: Data Download Done!
0	00:00:34.444	get_historical _data USDJPY,H4: Inside function
0	00:00:34.642	get_historical _data USDJPY,H1: Data Download Done!
0	00:00:34.644	get_historical _data USDJPY,H1: Inside function
0	00:00:34.723	get_historical _data EURUSD,Daily: Data Download Done!
0	00:00:34.724	get_historical _data EURUSD,Daily: Inside function
0	00:00:34.918	get_historical _data AUDUSD,H1: Data Download Done!
0	00:00:34.920	get_historical _data AUDUSD,H1: Inside function
0	00:00:35.179	get_historical _data GBPUSD,H4: Data Download Done!
0	00:00:35.181	get_historical _data GBPUSD,H4: Inside function
0	00:00:35.204	get_historical _data NZDUSD,H1: Data Download Done!
0	00:00:35.206	get_historical _data NZDUSD,H1: Inside function
0	00:00:35.662	get_historical _data EURUSD,H1: Data Download Done!
0	00:00:35.664	get_historical _data EURUSD,H1: Inside function
0	00:00:35.745	get_historical _data USDCAD,H4: Data Download Done!
0	00:00:35.747	get_historical _data USDCAD,H4: Inside function
0	00:00:35.781	get_historical _data GBPUSD,H1: Data Download Done!
0	00:00:35.783	get_historical _data GBPUSD,H1: Inside function
0	00:00:36.002	get_historical _data USDCHF,H4: Data Download Done!
0	00:00:36.004	get_historical _data USDCHF,H4: Inside function
0	00:00:36.038	get_historical _data USDCHF,H1: Data Download Done!
0	00:00:36.041	get_historical _data USDCHF,H1: Inside function
0	00:00:36.055	get_historical _data AUDUSD,Daily: Data Download Done!
0	00:00:36.056	get_historical _data AUDUSD,Daily: Inside function
0	00:00:36.448	get_historical _data USDJPY,H4: Data Download Done!
0	00:00:36.451	get_historical _data USDJPY,H4: Inside function
0	00:00:36.462	get_historical _data USDJPY,H1: Data Download Done!
0	00:00:36.463	get_historical _data USDJPY,H1: Inside function
0	00:00:36.497	get_historical _data AUDUSD,H1: Data Download Done!
0	00:00:36.499	get_historical _data AUDUSD,H1: Inside function
0	00:00:36.523	get_historical _data EURUSD,Daily: Data Download Done!
0	00:00:36.529	get_historical _data EURUSD,Daily: Inside function
0	00:00:36.540	get_historical _data USDCAD,H4: Data Download Done!
0	00:00:36.541	get_historical _data USDCAD,H4: Inside function
0	00:00:36.650	get_historical _data USDCAD,H1: Data Download Done!
0	00:00:36.653	get_historical _data USDCAD,H1: Inside function
0	00:00:36.658	get_historical _data GBPUSD,H4: Data Download Done!
0	00:00:36.661	get_historical _data GBPUSD,H4: Inside function
0	00:00:36.830	get_historical _data USDCHF,H1: Data Download Done!
0	00:00:36.835	get_historical _data USDCHF,H1: Inside function
0	00:00:36.886	get_historical _data NZDUSD,H1: Data Download Done!
0	00:00:36.888	get_historical _data NZDUSD,H1: Inside function
0	00:00:37.177	get_historical _data GBPUSD,H1: Data Download Done!
0	00:00:37.179	get_historical _data GBPUSD,H1: Inside function
0	00:00:37.187	get_historical _data USDCHF,H4: Data Download Done!
0	00:00:37.189	get_historical _data USDCHF,H4: Inside function
0	00:00:37.207	get_historical _data GBPUSD,H4: Data Download Done!
0	00:00:37.209	get_historical _data GBPUSD,H4: Inside function
0	00:00:37.810	get_historical _data EURUSD,H1: Data Download Done!
0	00:00:37.812	get_historical _data EURUSD,H1: Inside function
0	00:00:37.835	get_historical _data USDJPY,H4: Data Download Done!
0	00:00:37.838	get_historical _data USDJPY,H4: Inside function
0	00:00:38.073	get_historical _data GBPUSD,H1: Data Download Done!
0	00:00:38.110	get_historical _data GBPUSD,H4: Data Download Done!
0	00:00:38.110	get_historical _data AUDUSD,Daily: Data Download Done!
0	00:00:38.112	get_historical _data AUDUSD,Daily: Inside function
0	00:00:38.372	get_historical _data AUDUSD,H1: Data Download Done!
0	00:00:38.374	get_historical _data AUDUSD,H1: Inside function
0	00:00:38.396	get_historical _data USDCAD,H1: Data Download Done!
0	00:00:38.398	get_historical _data USDCAD,H1: Inside function
0	00:00:38.446	get_historical _data EURUSD,Daily: Data Download Done!
0	00:00:38.449	get_historical _data EURUSD,Daily: Inside function
0	00:00:38.528	get_historical _data NZDUSD,H1: Data Download Done!
0	00:00:38.579	get_historical _data AUDUSD,Daily: Data Download Done!
0	00:00:39.069	get_historical _data EURUSD,Daily: Data Download Done!
0	00:00:39.125	get_historical _data AUDUSD,H1: Data Download Done!
0	00:00:39.200	get_historical _data USDJPY,H4: Data Download Done!
0	00:00:39.200	get_historical _data USDJPY,H1: Data Download Done!
0	00:00:39.513	get_historical _data EURUSD,H1: Data Download Done!
0	00:00:39.992	get_historical _data USDCAD,H1: Data Download Done!
0	00:00:39.992	get_historical _data USDCAD,H4: Data Download Done!
0	00:00:40.017	get_historical _data USDCHF,H4: Data Download Done!
0	00:00:40.017	get_historical _data USDCHF,H1: Data Download Done!
0	00:02:37.663	get_historical _data EURUSD,Daily: uninit reason 3
0	00:02:37.691	get_historical _data EURUSD,H4: Before initializing R
0	00:02:44.287	get_historical _data EURUSD,H4: Before function
0	00:02:47.740	get_historical _data EURUSD,H4: Inside function
0	00:02:48.431	get_historical _data EURUSD,H4: Data Download Done!
0	00:02:48.431	get_historical _data EURUSD,H4: After function
0	00:02:48.431	get_historical _data EURUSD,H4: initialized
0	00:02:48.433	get_historical _data EURUSD,H4: Inside function
0	00:02:48.832	get_historical _data EURUSD,H4: Data Download Done!
0	00:02:48.834	get_historical _data EURUSD,H4: Inside function
0	00:02:49.306	get_historical _data EURUSD,H4: Data Download Done!
0	00:02:49.307	get_historical _data EURUSD,H4: Inside function
0	00:02:49.545	get_historical _data EURUSD,H4: Data Download Done!
0	00:02:49.546	get_historical _data EURUSD,H4: Inside function
0	00:02:49.755	get_historical _data EURUSD,H4: Data Download Done!
0	00:03:33.280	get_historical _data EURUSD,H4: uninit reason 3
0	00:03:33.292	get_historical _data EURUSD,H1: Before initializing R
0	00:03:33.589	get_historical _data EURUSD,H1: Before function
0	00:03:34.589	get_historical _data EURUSD,H1: Inside function
0	00:03:34.857	get_historical _data EURUSD,H1: Data Download Done!
0	00:03:34.858	get_historical _data EURUSD,H1: After function
0	00:03:34.858	get_historical _data EURUSD,H1: initialized
0	00:05:00.022	get_historical _data USDJPY,H1: Inside function
0	00:05:00.116	get_historical _data USDCAD,H1: Inside function
0	00:05:00.380	get_historical _data GBPUSD,H1: Inside function
0	00:05:00.420	get_historical _data USDCHF,H1: Inside function
0	00:05:00.422	get_historical _data AUDUSD,H1: Inside function
0	00:05:00.560	get_historical _data USDJPY,H1: Data Download Done!
0	00:05:00.560	get_historical _data USDJPY,H1: Inside function
0	00:05:00.985	get_historical _data USDCAD,H1: Data Download Done!
0	00:05:00.989	get_historical _data USDCAD,H1: Inside function
0	00:05:01.566	get_historical _data AUDUSD,H1: Data Download Done!
0	00:05:01.569	get_historical _data AUDUSD,H1: Inside function
0	00:05:01.574	get_historical _data GBPUSD,H1: Data Download Done!
0	00:05:01.576	get_historical _data USDCHF,H1: Data Download Done!
0	00:05:01.576	get_historical _data GBPUSD,H1: Inside function
0	00:05:01.577	get_historical _data USDCHF,H1: Inside function
0	00:05:01.578	get_historical _data USDJPY,H1: Data Download Done!
0	00:05:01.579	get_historical _data USDJPY,H1: Inside function
0	00:05:01.912	get_historical _data EURUSD,H1: Inside function
0	00:05:01.922	get_historical _data EURUSD,H1: Inside function
0	00:05:02.019	get_historical _data USDCAD,H1: Data Download Done!
0	00:05:02.021	get_historical _data USDCAD,H1: Inside function
0	00:05:02.154	get_historical _data AUDUSD,H1: Data Download Done!
0	00:05:02.156	get_historical _data AUDUSD,H1: Inside function
0	00:05:02.424	get_historical _data USDCHF,H1: Data Download Done!
0	00:05:02.426	get_historical _data USDCHF,H1: Inside function
0	00:05:02.493	get_historical _data USDJPY,H1: Data Download Done!
0	00:05:02.495	get_historical _data USDJPY,H1: Inside function
0	00:05:02.695	get_historical _data EURUSD,H1: Data Download Done!
0	00:05:02.697	get_historical _data EURUSD,H1: Inside function
0	00:05:02.708	get_historical _data GBPUSD,H1: Data Download Done!
0	00:05:02.710	get_historical _data GBPUSD,H1: Inside function
0	00:05:02.721	get_historical _data EURUSD,H1: Data Download Done!
0	00:05:02.723	get_historical _data EURUSD,H1: Inside function
0	00:05:02.779	get_historical _data USDCAD,H1: Data Download Done!
0	00:05:02.781	get_historical _data USDCAD,H1: Inside function
0	00:05:03.184	get_historical _data AUDUSD,H1: Data Download Done!
0	00:05:03.185	get_historical _data AUDUSD,H1: Inside function
0	00:05:03.265	get_historical _data USDJPY,H1: Data Download Done!
0	00:05:03.359	get_historical _data USDCHF,H1: Data Download Done!
0	00:05:03.361	get_historical _data USDCHF,H1: Inside function
0	00:05:03.376	get_historical _data EURUSD,H1: Data Download Done!
0	00:05:03.378	get_historical _data EURUSD,H1: Inside function
0	00:05:03.490	get_historical _data EURUSD,H1: Data Download Done!
0	00:05:03.492	get_historical _data EURUSD,H1: Inside function
0	00:05:03.665	get_historical _data USDCAD,H1: Data Download Done!
0	00:05:03.945	get_historical _data AUDUSD,H1: Data Download Done!
0	00:05:03.947	get_historical _data GBPUSD,H1: Data Download Done!
0	00:05:03.949	get_historical _data GBPUSD,H1: Inside function
0	00:05:03.983	get_historical _data NZDUSD,H1: Inside function
0	00:05:03.988	get_historical _data EURUSD,H1: Data Download Done!
0	00:05:03.990	get_historical _data EURUSD,H1: Inside function
0	00:05:04.107	get_historical _data USDCHF,H1: Data Download Done!
0	00:05:04.140	get_historical _data EURUSD,H1: Data Download Done!
0	00:05:04.142	get_historical _data EURUSD,H1: Inside function
0	00:05:04.370	get_historical _data EURUSD,H1: Data Download Done!
0	00:05:04.537	get_historical _data EURUSD,H1: Data Download Done!
0	00:05:04.779	get_historical _data GBPUSD,H1: Data Download Done!
0	00:05:04.929	get_historical _data NZDUSD,H1: Data Download Done!
0	00:05:04.935	get_historical _data NZDUSD,H1: Inside function
0	00:05:05.553	get_historical _data NZDUSD,H1: Data Download Done!
0	00:05:05.557	get_historical _data NZDUSD,H1: Inside function
0	00:05:05.977	get_historical _data NZDUSD,H1: Data Download Done!
0	00:05:05.979	get_historical _data NZDUSD,H1: Inside function
0	00:05:06.237	get_historical _data NZDUSD,H1: Data Download Done!
0	00:18:11.111	get_historical _data AUDUSD,Daily: uninit reason 3
0	00:18:11.145	get_historical _data AUDUSD,H1: Before initializing R
0	00:18:12.575	get_historical _data AUDUSD,H1: Before function
0	00:18:15.605	get_historical _data AUDUSD,H1: Inside function
0	00:18:15.971	get_historical _data AUDUSD,H1: Data Download Done!
0	00:18:15.971	get_historical _data AUDUSD,H1: After function
0	00:18:15.971	get_historical _data AUDUSD,H1: initialized
0	00:18:15.973	get_historical _data AUDUSD,H1: Inside function
0	00:18:16.252	get_historical _data AUDUSD,H1: Data Download Done!
0	00:18:16.257	get_historical _data AUDUSD,H1: Inside function
0	00:18:16.518	get_historical _data AUDUSD,H1: Data Download Done!
0	00:18:16.520	get_historical _data AUDUSD,H1: Inside function
0	00:18:16.762	get_historical _data AUDUSD,H1: Data Download Done!
0	00:18:16.764	get_historical _data AUDUSD,H1: Inside function
0	00:18:17.038	get_historical _data AUDUSD,H1: Data Download Done!
0	00:18:47.676	get_historical _data EURUSD,H1: uninit reason 3
0	00:18:47.896	get_historical _data EURUSD,H4: Before initializing R
0	00:18:48.216	get_historical _data EURUSD,H4: Before function
0	00:18:49.151	get_historical _data EURUSD,H4: Inside function
0	00:18:49.415	get_historical _data EURUSD,H4: Data Download Done!
0	00:18:49.415	get_historical _data EURUSD,H4: After function
0	00:18:49.415	get_historical _data EURUSD,H4: initialized
0	00:18:49.417	get_historical _data EURUSD,H4: Inside function
0	00:18:49.662	get_historical _data EURUSD,H4: Data Download Done!
0	00:18:49.664	get_historical _data EURUSD,H4: Inside function
0	00:18:49.889	get_historical _data EURUSD,H4: Data Download Done!
0	00:18:49.890	get_historical _data EURUSD,H4: Inside function
0	00:18:50.146	get_historical _data EURUSD,H4: Data Download Done!
0	00:18:50.152	get_historical _data EURUSD,H4: Inside function
0	00:18:50.428	get_historical _data EURUSD,H4: Data Download Done!
0	03:26:43.748	get_historical _data GBPUSD,H1: Inside function
0	03:26:43.763	get_historical _data AUDUSD,H1: Inside function
0	03:26:43.778	get_historical _data NZDUSD,H1: Inside function
0	03:26:43.828	get_historical _data GBPUSD,H4: Inside function
0	03:26:43.903	get_historical _data USDCAD,H1: Inside function
0	03:26:44.025	get_historical _data AUDUSD,H1: Inside function
0	03:26:44.049	get_historical _data USDCAD,H4: Inside function
0	03:26:44.161	get_historical _data USDJPY,H1: Inside function
0	03:26:44.321	get_historical _data USDCHF,H1: Inside function
0	03:26:44.329	get_historical _data USDJPY,H4: Inside function
0	03:26:44.333	get_historical _data USDCHF,H4: Inside function
0	03:26:45.115	get_historical _data AUDUSD,H1: Data Download Done!
0	03:26:45.115	get_historical _data AUDUSD,H1: Inside function
0	03:26:45.478	get_historical _data GBPUSD,H4: Data Download Done!
0	03:26:45.485	get_historical _data GBPUSD,H4: Inside function
0	03:26:45.594	get_historical _data USDCAD,H4: Data Download Done!
0	03:26:45.594	get_historical _data USDCAD,H4: Inside function
0	03:26:45.898	get_historical _data NZDUSD,H1: Data Download Done!
0	03:26:45.898	get_historical _data NZDUSD,H1: Inside function
0	03:26:45.960	get_historical _data USDCHF,H1: Data Download Done!
0	03:26:45.960	get_historical _data USDCHF,H1: Inside function
0	03:26:45.976	get_historical _data USDCHF,H4: Data Download Done!
0	03:26:45.976	get_historical _data USDCHF,H4: Inside function
0	03:26:46.120	get_historical _data AUDUSD,H1: Data Download Done!
0	03:26:46.122	get_historical _data AUDUSD,H1: Inside function
0	03:26:46.402	get_historical _data GBPUSD,H1: Data Download Done!
0	03:26:46.403	get_historical _data GBPUSD,H4: Data Download Done!
0	03:26:46.404	get_historical _data GBPUSD,H1: Inside function
0	03:26:46.424	get_historical _data GBPUSD,H4: Inside function
0	03:26:46.459	get_historical _data USDCAD,H4: Data Download Done!
0	03:26:46.463	get_historical _data USDCAD,H4: Inside function
0	03:26:46.525	get_historical _data AUDUSD,H1: Data Download Done!
0	03:26:46.525	get_historical _data USDCAD,H1: Data Download Done!
0	03:26:46.525	get_historical _data USDJPY,H4: Data Download Done!
0	03:26:46.534	get_historical _data AUDUSD,H1: Inside function
0	03:26:46.538	get_historical _data USDCAD,H1: Inside function
0	03:26:46.539	get_historical _data USDJPY,H4: Inside function
0	03:26:46.645	get_historical _data NZDUSD,H1: Data Download Done!
0	03:26:46.648	get_historical _data NZDUSD,H1: Inside function
0	03:26:46.659	get_historical _data USDJPY,H1: Data Download Done!
0	03:26:46.665	get_historical _data USDCHF,H1: Data Download Done!
0	03:26:46.668	get_historical _data USDCHF,H1: Inside function
0	03:26:46.754	get_historical _data USDJPY,H1: Inside function
0	03:26:47.330	get_historical _data USDCHF,H4: Data Download Done!
0	03:26:47.341	get_historical _data USDCHF,H4: Inside function
0	03:26:47.410	get_historical _data GBPUSD,H1: Data Download Done!
0	03:26:47.412	get_historical _data GBPUSD,H1: Inside function
0	03:26:47.421	get_historical _data AUDUSD,H1: Data Download Done!
0	03:26:47.423	get_historical _data AUDUSD,H1: Inside function
0	03:26:47.494	get_historical _data EURUSD,H1: Inside function
0	03:26:47.522	get_historical _data EURUSD,H4: Inside function
0	03:26:47.670	get_historical _data NZDUSD,H1: Data Download Done!
0	03:26:47.672	get_historical _data NZDUSD,H1: Inside function
0	03:26:47.823	get_historical _data AUDUSD,H1: Data Download Done!
0	03:26:47.831	get_historical _data AUDUSD,H1: Inside function
0	03:26:48.063	get_historical _data GBPUSD,H4: Data Download Done!
0	03:26:48.065	get_historical _data GBPUSD,H4: Inside function
0	03:26:48.093	get_historical _data USDCAD,H4: Data Download Done!
0	03:26:48.094	get_historical _data USDCAD,H4: Inside function
0	03:26:48.129	get_historical _data AUDUSD,H1: Data Download Done!
0	03:26:48.131	get_historical _data AUDUSD,H1: Inside function
0	03:26:48.289	get_historical _data GBPUSD,H1: Data Download Done!
0	03:26:48.291	get_historical _data GBPUSD,H1: Inside function
0	03:26:48.327	get_historical _data EURUSD,H4: Data Download Done!
0	03:26:48.328	get_historical _data EURUSD,H4: Inside function
0	03:26:48.399	get_historical _data NZDUSD,H1: Data Download Done!
0	03:26:48.413	get_historical _data AUDUSD,H1: Data Download Done!
0	03:26:48.448	get_historical _data USDCHF,H1: Data Download Done!
0	03:26:48.450	get_historical _data USDCHF,H1: Inside function
0	03:26:48.492	get_historical _data USDCAD,H1: Data Download Done!
0	03:26:48.496	get_historical _data USDCAD,H1: Inside function
0	03:26:49.187	get_historical _data USDCHF,H4: Data Download Done!
0	03:26:49.190	get_historical _data USDCHF,H4: Inside function
0	03:26:49.262	get_historical _data EURUSD,H4: Data Download Done!
0	03:26:49.264	get_historical _data EURUSD,H4: Inside function
0	03:26:49.293	get_historical _data USDJPY,H1: Data Download Done!
0	03:26:49.295	get_historical _data USDJPY,H1: Inside function
0	03:26:49.302	get_historical _data USDCAD,H4: Data Download Done!
0	03:26:49.305	get_historical _data USDJPY,H4: Data Download Done!
0	03:26:49.311	get_historical _data USDJPY,H4: Inside function
0	03:26:49.317	get_historical _data GBPUSD,H1: Data Download Done!
0	03:26:49.327	get_historical _data EURUSD,H1: Data Download Done!
0	03:26:49.334	get_historical _data EURUSD,H1: Inside function
0	03:26:49.419	get_historical _data AUDUSD,H1: Data Download Done!
0	03:26:49.537	get_historical _data USDCHF,H1: Data Download Done!
0	03:26:49.588	get_historical _data USDCAD,H1: Data Download Done!
0	03:26:49.588	get_historical _data USDCAD,H1: Inside function
0	03:26:49.684	get_historical _data GBPUSD,H4: Data Download Done!
0	03:26:49.827	get_historical _data USDCHF,H4: Data Download Done!
0	03:26:50.328	get_historical _data EURUSD,H4: Data Download Done!
0	03:26:50.343	get_historical _data EURUSD,H4: Inside function
0	03:26:50.489	get_historical _data USDCAD,H1: Data Download Done!
0	03:26:50.506	get_historical _data EURUSD,H1: Data Download Done!
0	03:26:50.507	get_historical _data EURUSD,H1: Inside function
0	03:26:50.698	get_historical _data USDJPY,H1: Data Download Done!
0	03:26:50.703	get_historical _data USDJPY,H1: Inside function
0	03:26:50.872	get_historical _data USDJPY,H4: Data Download Done!
0	03:26:50.874	get_historical _data USDJPY,H4: Inside function
0	03:26:50.949	get_historical _data EURUSD,H4: Data Download Done!
0	03:26:50.977	get_historical _data EURUSD,H1: Data Download Done!
0	03:26:50.979	get_historical _data EURUSD,H1: Inside function
0	03:26:51.181	get_historical _data USDJPY,H1: Data Download Done!
0	03:26:51.328	get_historical _data USDJPY,H4: Data Download Done!
0	03:26:51.345	get_historical _data EURUSD,H1: Data Download Done!
0	10:47:04.802	get_historical _data EURUSD,H1: Inside function
0	10:47:04.812	get_historical _data GBPUSD,H1: Inside function
0	10:47:04.822	get_historical _data USDJPY,H1: Inside function
0	10:47:04.832	get_historical _data USDCHF,H1: Inside function
0	10:47:04.862	get_historical _data AUDUSD,H1: Inside function
0	10:47:04.862	get_historical _data EURUSD,H4: Inside function
0	10:47:04.867	get_historical _data GBPUSD,H4: Inside function
0	10:47:04.887	get_historical _data USDCHF,H4: Inside function
0	10:47:04.912	get_historical _data USDJPY,H4: Inside function
0	10:47:04.927	get_historical _data USDCAD,H1: Inside function
0	10:47:04.977	get_historical _data NZDUSD,H1: Inside function
0	10:47:04.995	get_historical _data USDCAD,H4: Inside function
0	10:47:05.045	get_historical _data AUDUSD,H1: Inside function
0	10:47:05.915	get_historical _data EURUSD,H1: Data Download Done!
0	10:47:05.916	get_historical _data EURUSD,H1: Inside function
0	10:47:06.146	get_historical _data EURUSD,H4: Data Download Done!
0	10:47:06.148	get_historical _data EURUSD,H4: Inside function
0	10:47:06.251	get_historical _data USDCHF,H4: Data Download Done!
0	10:47:06.253	get_historical _data USDCHF,H4: Inside function
0	10:47:06.264	get_historical _data USDCAD,H4: Data Download Done!
0	10:47:06.264	get_historical _data USDJPY,H1: Data Download Done!
0	10:47:06.266	get_historical _data USDJPY,H1: Inside function
0	10:47:06.266	get_historical _data USDCAD,H4: Inside function
0	10:47:06.320	get_historical _data USDJPY,H4: Data Download Done!
0	10:47:06.321	get_historical _data USDJPY,H4: Inside function
0	10:47:06.419	get_historical _data USDCAD,H1: Data Download Done!
0	10:47:06.423	get_historical _data NZDUSD,H1: Data Download Done!
0	10:47:06.429	get_historical _data GBPUSD,H4: Data Download Done!
0	10:47:06.456	get_historical _data USDCAD,H1: Inside function
0	10:47:06.501	get_historical _data NZDUSD,H1: Inside function
0	10:47:06.514	get_historical _data GBPUSD,H4: Inside function
0	10:47:06.822	get_historical _data AUDUSD,H1: Data Download Done!
0	10:47:06.841	get_historical _data AUDUSD,H1: Data Download Done!
0	10:47:06.882	get_historical _data AUDUSD,H1: Inside function
0	10:47:06.895	get_historical _data AUDUSD,H1: Inside function
0	10:47:07.178	get_historical _data EURUSD,H1: Data Download Done!
0	10:47:07.180	get_historical _data EURUSD,H1: Inside function
0	10:47:07.209	get_historical _data EURUSD,H4: Data Download Done!
0	10:47:07.211	get_historical _data EURUSD,H4: Inside function
0	10:47:07.456	get_historical _data USDCHF,H4: Data Download Done!
0	10:47:07.468	get_historical _data USDCAD,H4: Data Download Done!
0	10:47:07.508	get_historical _data USDCAD,H4: Inside function
0	10:47:07.542	get_historical _data USDCHF,H4: Inside function
0	10:47:07.631	get_historical _data USDJPY,H4: Data Download Done!
0	10:47:07.633	get_historical _data USDJPY,H4: Inside function
0	10:47:07.726	get_historical _data USDJPY,H1: Data Download Done!
0	10:47:07.905	get_historical _data USDJPY,H1: Inside function
0	10:47:08.019	get_historical _data EURUSD,H4: Data Download Done!
0	10:47:08.021	get_historical _data EURUSD,H4: Inside function
0	10:47:08.032	get_historical _data AUDUSD,H1: Data Download Done!
0	10:47:08.034	get_historical _data AUDUSD,H1: Inside function
0	10:47:08.074	get_historical _data USDCAD,H1: Data Download Done!
0	10:47:08.076	get_historical _data USDCAD,H1: Inside function
0	10:47:08.137	get_historical _data EURUSD,H1: Data Download Done!
0	10:47:08.139	get_historical _data EURUSD,H1: Inside function
0	10:47:08.146	get_historical _data AUDUSD,H1: Data Download Done!
0	10:47:08.148	get_historical _data AUDUSD,H1: Inside function
0	10:47:08.249	get_historical _data NZDUSD,H1: Data Download Done!
0	10:47:08.251	get_historical _data NZDUSD,H1: Inside function
0	10:47:08.318	get_historical _data GBPUSD,H4: Data Download Done!
0	10:47:08.320	get_historical _data GBPUSD,H4: Inside function
0	10:47:08.812	get_historical _data USDCAD,H4: Data Download Done!
0	10:47:08.814	get_historical _data USDCAD,H4: Inside function
0	10:47:09.032	get_historical _data USDJPY,H1: Data Download Done!
0	10:47:09.034	get_historical _data USDJPY,H1: Inside function
0	10:47:09.099	get_historical _data AUDUSD,H1: Data Download Done!
0	10:47:09.099	get_historical _data AUDUSD,H1: Data Download Done!
0	10:47:09.101	get_historical _data AUDUSD,H1: Inside function
0	10:47:09.101	get_historical _data AUDUSD,H1: Inside function
0	10:47:09.150	get_historical _data USDJPY,H4: Data Download Done!
0	10:47:09.152	get_historical _data USDJPY,H4: Inside function
0	10:47:09.169	get_historical _data EURUSD,H1: Data Download Done!
0	10:47:09.170	get_historical _data EURUSD,H4: Data Download Done!
0	10:47:09.203	get_historical _data USDCAD,H1: Data Download Done!
0	10:47:09.205	get_historical _data USDCAD,H1: Inside function
0	10:47:09.367	get_historical _data NZDUSD,H1: Data Download Done!
0	10:47:09.372	get_historical _data NZDUSD,H1: Inside function
0	10:47:09.451	get_historical _data USDCHF,H4: Data Download Done!
0	10:47:09.452	get_historical _data USDCHF,H4: Inside function
0	10:47:09.612	get_historical _data USDCAD,H4: Data Download Done!
0	10:47:09.852	get_historical _data GBPUSD,H4: Data Download Done!
0	10:47:09.854	get_historical _data GBPUSD,H4: Inside function
0	10:47:09.875	get_historical _data USDJPY,H1: Data Download Done!
0	10:47:09.897	get_historical _data AUDUSD,H1: Data Download Done!
0	10:47:09.953	get_historical _data AUDUSD,H1: Data Download Done!
0	10:47:09.984	get_historical _data USDJPY,H4: Data Download Done!
0	10:47:10.018	get_historical _data USDCAD,H1: Data Download Done!
0	10:47:10.035	get_historical _data NZDUSD,H1: Data Download Done!
0	10:47:10.168	get_historical _data USDCHF,H4: Data Download Done!
0	10:47:10.329	get_historical _data GBPUSD,H4: Data Download Done!
0	10:47:10.839	get_historical _data GBPUSD,H1: Data Download Done!
0	10:47:10.841	get_historical _data GBPUSD,H1: Inside function
0	10:47:10.999	get_historical _data USDCHF,H1: Data Download Done!
0	10:47:11.001	get_historical _data USDCHF,H1: Inside function
0	10:47:11.220	get_historical _data GBPUSD,H1: Data Download Done!
0	10:47:11.222	get_historical _data GBPUSD,H1: Inside function
0	10:47:11.553	get_historical _data USDCHF,H1: Data Download Done!
0	10:47:11.556	get_historical _data USDCHF,H1: Inside function
0	10:47:11.606	get_historical _data GBPUSD,H1: Data Download Done!
0	10:47:11.608	get_historical _data GBPUSD,H1: Inside function
0	10:47:11.939	get_historical _data USDCHF,H1: Data Download Done!
0	10:47:11.941	get_historical _data USDCHF,H1: Inside function
0	10:47:11.967	get_historical _data GBPUSD,H1: Data Download Done!
0	10:47:12.298	get_historical _data USDCHF,H1: Data Download Done!
0	11:00:00.892	get_historical _data GBPUSD,H1: Inside function
0	11:00:00.892	get_historical _data USDJPY,H1: Inside function
0	11:00:00.897	get_historical _data EURUSD,H1: Inside function
0	11:00:00.897	get_historical _data AUDUSD,H1: Inside function
0	11:00:00.897	get_historical _data AUDUSD,H1: Inside function
0	11:00:00.897	get_historical _data USDCHF,H1: Inside function
0	11:00:01.181	get_historical _data NZDUSD,H1: Inside function
0	11:00:01.690	get_historical _data USDCAD,H1: Inside function
0	11:00:01.763	get_historical _data EURUSD,H1: Data Download Done!
0	11:00:01.769	get_historical _data EURUSD,H1: Inside function
0	11:00:01.800	get_historical _data AUDUSD,H1: Data Download Done!
0	11:00:01.801	get_historical _data AUDUSD,H1: Inside function
0	11:00:01.819	get_historical _data USDJPY,H1: Data Download Done!
0	11:00:01.821	get_historical _data USDJPY,H1: Inside function
0	11:00:02.025	get_historical _data NZDUSD,H1: Data Download Done!
0	11:00:02.027	get_historical _data NZDUSD,H1: Inside function
0	11:00:02.092	get_historical _data AUDUSD,H1: Data Download Done!
0	11:00:02.093	get_historical _data AUDUSD,H1: Inside function
0	11:00:02.126	get_historical _data GBPUSD,H1: Data Download Done!
0	11:00:02.129	get_historical _data GBPUSD,H1: Inside function
0	11:00:02.298	get_historical _data USDCHF,H1: Data Download Done!
0	11:00:02.299	get_historical _data USDCHF,H1: Inside function
0	11:00:02.663	get_historical _data USDCAD,H1: Data Download Done!
0	11:00:02.665	get_historical _data USDCAD,H1: Inside function
0	11:00:02.669	get_historical _data USDJPY,H1: Data Download Done!
0	11:00:02.671	get_historical _data USDJPY,H1: Inside function
0	11:00:02.671	get_historical _data AUDUSD,H1: Data Download Done!
0	11:00:02.674	get_historical _data AUDUSD,H1: Inside function
0	11:00:02.867	get_historical _data NZDUSD,H1: Data Download Done!
0	11:00:02.868	get_historical _data NZDUSD,H1: Inside function
0	11:00:02.899	get_historical _data EURUSD,H1: Data Download Done!
0	11:00:02.901	get_historical _data EURUSD,H1: Inside function
0	11:00:02.990	get_historical _data AUDUSD,H1: Data Download Done!
0	11:00:02.992	get_historical _data AUDUSD,H1: Inside function
0	11:00:03.120	get_historical _data GBPUSD,H1: Data Download Done!
0	11:00:03.122	get_historical _data GBPUSD,H1: Inside function
0	11:00:03.262	get_historical _data USDCHF,H1: Data Download Done!
0	11:00:03.263	get_historical _data USDCHF,H1: Inside function
0	11:00:03.482	get_historical _data AUDUSD,H1: Data Download Done!
0	11:00:03.484	get_historical _data AUDUSD,H1: Inside function
0	11:00:03.557	get_historical _data USDCAD,H1: Data Download Done!
0	11:00:03.558	get_historical _data USDCAD,H1: Inside function
0	11:00:03.561	get_historical _data NZDUSD,H1: Data Download Done!
0	11:00:03.563	get_historical _data NZDUSD,H1: Inside function
0	11:00:03.756	get_historical _data USDJPY,H1: Data Download Done!
0	11:00:03.758	get_historical _data USDJPY,H1: Inside function
0	11:00:03.815	get_historical _data EURUSD,H1: Data Download Done!
0	11:00:03.817	get_historical _data EURUSD,H1: Inside function
0	11:00:04.028	get_historical _data GBPUSD,H1: Data Download Done!
0	11:00:04.029	get_historical _data GBPUSD,H1: Inside function
0	11:00:04.202	get_historical _data AUDUSD,H1: Data Download Done!
0	11:00:04.203	get_historical _data AUDUSD,H1: Inside function
0	11:00:04.211	get_historical _data USDCHF,H1: Data Download Done!
0	11:00:04.213	get_historical _data USDCHF,H1: Inside function
0	11:00:04.252	get_historical _data AUDUSD,H1: Data Download Done!
0	11:00:04.486	get_historical _data USDJPY,H1: Data Download Done!
0	11:00:04.543	get_historical _data NZDUSD,H1: Data Download Done!
0	11:00:04.601	get_historical _data USDCAD,H1: Data Download Done!
0	11:00:04.604	get_historical _data USDCAD,H1: Inside function
0	11:00:04.631	get_historical _data EURUSD,H1: Data Download Done!
0	11:00:04.652	get_historical _data GBPUSD,H1: Data Download Done!
0	11:00:04.726	get_historical _data AUDUSD,H1: Data Download Done!
0	11:00:04.757	get_historical _data USDCHF,H1: Data Download Done!
0	11:00:04.904	get_historical _data USDCAD,H1: Data Download Done!
0	12:00:00.273	get_historical _data EURUSD,H1: Inside function
0	12:00:00.273	get_historical _data GBPUSD,H1: Inside function
0	12:00:00.734	get_historical _data EURUSD,H1: Data Download Done!
0	12:00:00.736	get_historical _data EURUSD,H1: Inside function
0	12:00:00.748	get_historical _data GBPUSD,H1: Data Download Done!
0	12:00:00.750	get_historical _data GBPUSD,H1: Inside function
0	12:00:00.973	get_historical _data AUDUSD,H1: Inside function
0	12:00:00.973	get_historical _data NZDUSD,H1: Inside function
0	12:00:00.973	get_historical _data AUDUSD,H1: Inside function
0	12:00:01.038	get_historical _data USDJPY,H1: Inside function
0	12:00:01.038	get_historical _data USDCHF,H1: Inside function
0	12:00:01.457	get_historical _data EURUSD,H1: Data Download Done!
0	12:00:01.459	get_historical _data EURUSD,H1: Inside function
0	12:00:01.552	get_historical _data GBPUSD,H1: Data Download Done!
0	12:00:01.554	get_historical _data GBPUSD,H1: Inside function
0	12:00:01.716	get_historical _data AUDUSD,H1: Data Download Done!
0	12:00:01.717	get_historical _data AUDUSD,H1: Inside function
0	12:00:01.791	get_historical _data AUDUSD,H1: Data Download Done!
0	12:00:01.792	get_historical _data AUDUSD,H1: Inside function
0	12:00:01.933	get_historical _data USDJPY,H1: Data Download Done!
0	12:00:01.934	get_historical _data USDJPY,H1: Inside function
0	12:00:01.948	get_historical _data USDCHF,H1: Data Download Done!
0	12:00:01.949	get_historical _data USDCHF,H1: Inside function
0	12:00:02.019	get_historical _data USDCAD,H1: Inside function
0	12:00:02.159	get_historical _data NZDUSD,H1: Data Download Done!
0	12:00:02.160	get_historical _data NZDUSD,H1: Inside function
0	12:00:02.256	get_historical _data GBPUSD,H1: Data Download Done!
0	12:00:02.258	get_historical _data GBPUSD,H1: Inside function
0	12:00:02.325	get_historical _data EURUSD,H1: Data Download Done!
0	12:00:02.326	get_historical _data EURUSD,H1: Inside function
0	12:00:02.551	get_historical _data AUDUSD,H1: Data Download Done!
0	12:00:02.552	get_historical _data AUDUSD,H1: Inside function
0	12:00:02.853	get_historical _data AUDUSD,H1: Data Download Done!
0	12:00:02.855	get_historical _data AUDUSD,H1: Inside function
0	12:00:02.871	get_historical _data USDJPY,H1: Data Download Done!
0	12:00:02.873	get_historical _data USDJPY,H1: Inside function
0	12:00:02.910	get_historical _data USDCHF,H1: Data Download Done!
0	12:00:02.911	get_historical _data USDCHF,H1: Inside function
0	12:00:03.049	get_historical _data USDCAD,H1: Data Download Done!
0	12:00:03.050	get_historical _data USDCAD,H1: Inside function
0	12:00:03.051	get_historical _data GBPUSD,H1: Data Download Done!
0	12:00:03.146	get_historical _data EURUSD,H1: Data Download Done!
0	12:00:03.155	get_historical _data NZDUSD,H1: Data Download Done!
0	12:00:03.156	get_historical _data NZDUSD,H1: Inside function
0	12:00:03.392	get_historical _data AUDUSD,H1: Data Download Done!
0	12:00:03.395	get_historical _data AUDUSD,H1: Inside function
0	12:00:03.442	get_historical _data USDJPY,H1: Data Download Done!
0	12:00:03.444	get_historical _data USDJPY,H1: Inside function
0	12:00:03.458	get_historical _data AUDUSD,H1: Data Download Done!
0	12:00:03.461	get_historical _data AUDUSD,H1: Inside function
0	12:00:03.613	get_historical _data USDCHF,H1: Data Download Done!
0	12:00:03.613	get_historical _data USDCHF,H1: Inside function
0	12:00:03.797	get_historical _data USDCAD,H1: Data Download Done!
0	12:00:03.799	get_historical _data USDCAD,H1: Inside function
0	12:00:03.942	get_historical _data NZDUSD,H1: Data Download Done!
0	12:00:03.944	get_historical _data NZDUSD,H1: Inside function
0	12:00:04.042	get_historical _data AUDUSD,H1: Data Download Done!
0	12:00:04.129	get_historical _data USDJPY,H1: Data Download Done!
0	12:00:04.138	get_historical _data AUDUSD,H1: Data Download Done!
0	12:00:04.172	get_historical _data USDCHF,H1: Data Download Done!
0	12:00:04.272	get_historical _data USDCAD,H1: Data Download Done!
0	12:00:04.274	get_historical _data USDCAD,H1: Inside function
0	12:00:04.305	get_historical _data NZDUSD,H1: Data Download Done!
0	12:00:04.554	get_historical _data USDCAD,H1: Data Download Done!
0	13:00:00.577	get_historical _data USDJPY,H1: Inside function
0	13:00:00.722	get_historical _data GBPUSD,H1: Inside function
0	13:00:00.727	get_historical _data EURUSD,H1: Inside function
0	13:00:00.727	get_historical _data AUDUSD,H1: Inside function
0	13:00:00.727	get_historical _data USDCHF,H1: Inside function
0	13:00:00.727	get_historical _data AUDUSD,H1: Inside function
0	13:00:00.727	get_historical _data USDCAD,H1: Inside function
0	13:00:01.267	get_historical _data NZDUSD,H1: Inside function
0	13:00:01.462	get_historical _data USDJPY,H1: Data Download Done!
0	13:00:01.464	get_historical _data USDJPY,H1: Inside function
0	13:00:01.635	get_historical _data GBPUSD,H1: Data Download Done!
0	13:00:01.637	get_historical _data GBPUSD,H1: Inside function
0	13:00:01.719	get_historical _data AUDUSD,H1: Data Download Done!
0	13:00:01.721	get_historical _data AUDUSD,H1: Inside function
0	13:00:01.797	get_historical _data AUDUSD,H1: Data Download Done!
0	13:00:01.799	get_historical _data AUDUSD,H1: Inside function
0	13:00:01.915	get_historical _data USDCHF,H1: Data Download Done!
0	13:00:01.917	get_historical _data USDCHF,H1: Inside function
0	13:00:02.092	get_historical _data USDCAD,H1: Data Download Done!
0	13:00:02.094	get_historical _data USDCAD,H1: Inside function
0	13:00:02.133	get_historical _data EURUSD,H1: Data Download Done!
0	13:00:02.135	get_historical _data EURUSD,H1: Inside function
0	13:00:02.280	get_historical _data NZDUSD,H1: Data Download Done!
0	13:00:02.282	get_historical _data NZDUSD,H1: Inside function
0	13:00:02.463	get_historical _data USDJPY,H1: Data Download Done!
0	13:00:02.464	get_historical _data USDJPY,H1: Inside function
0	13:00:02.532	get_historical _data GBPUSD,H1: Data Download Done!
0	13:00:02.533	get_historical _data GBPUSD,H1: Inside function
0	13:00:02.578	get_historical _data AUDUSD,H1: Data Download Done!
0	13:00:02.580	get_historical _data AUDUSD,H1: Inside function
0	13:00:02.672	get_historical _data AUDUSD,H1: Data Download Done!
0	13:00:02.673	get_historical _data AUDUSD,H1: Inside function
0	13:00:02.717	get_historical _data USDCHF,H1: Data Download Done!
0	13:00:02.719	get_historical _data USDCHF,H1: Inside function
0	13:00:02.792	get_historical _data USDCAD,H1: Data Download Done!
0	13:00:02.793	get_historical _data USDCAD,H1: Inside function
0	13:00:02.974	get_historical _data EURUSD,H1: Data Download Done!
0	13:00:02.978	get_historical _data NZDUSD,H1: Data Download Done!
0	13:00:02.979	get_historical _data EURUSD,H1: Inside function
0	13:00:02.980	get_historical _data NZDUSD,H1: Inside function
0	13:00:03.201	get_historical _data USDJPY,H1: Data Download Done!
0	13:00:03.203	get_historical _data USDJPY,H1: Inside function
0	13:00:03.324	get_historical _data GBPUSD,H1: Data Download Done!
0	13:00:03.326	get_historical _data GBPUSD,H1: Inside function
0	13:00:03.523	get_historical _data AUDUSD,H1: Data Download Done!
0	13:00:03.525	get_historical _data AUDUSD,H1: Inside function
0	13:00:03.595	get_historical _data AUDUSD,H1: Data Download Done!
0	13:00:03.597	get_historical _data AUDUSD,H1: Inside function
0	13:00:03.674	get_historical _data EURUSD,H1: Data Download Done!
0	13:00:03.675	get_historical _data EURUSD,H1: Inside function
0	13:00:03.721	get_historical _data NZDUSD,H1: Data Download Done!
0	13:00:03.723	get_historical _data NZDUSD,H1: Inside function
0	13:00:03.724	get_historical _data USDCAD,H1: Data Download Done!
0	13:00:03.725	get_historical _data USDCAD,H1: Inside function
0	13:00:03.905	get_historical _data USDCHF,H1: Data Download Done!
0	13:00:03.906	get_historical _data USDCHF,H1: Inside function
0	13:00:03.974	get_historical _data USDJPY,H1: Data Download Done!
0	13:00:04.051	get_historical _data GBPUSD,H1: Data Download Done!
0	13:00:04.163	get_historical _data AUDUSD,H1: Data Download Done!
0	13:00:04.196	get_historical _data AUDUSD,H1: Data Download Done!
0	13:00:04.279	get_historical _data EURUSD,H1: Data Download Done!
0	13:00:04.295	get_historical _data USDCAD,H1: Data Download Done!
0	13:00:04.309	get_historical _data NZDUSD,H1: Data Download Done!
0	13:00:04.394	get_historical _data USDCHF,H1: Data Download Done!
